<?xml version="1.0" encoding="UTF-8"?>
<!-- Generated by org.testng.reporters.JUnitXMLReporter -->
<testsuite ignored="3" hostname="DESKTOP-7NDNMKO" failures="0" tests="2" name="EdgeBrower" time="10.001" errors="0" timestamp="2026-06-03T13:56:31 IST">
  <testcase classname="com.qa.demoshop.tests.RegisterTest" name="verifyRegisterPage" time="0.609"/>
  <testcase classname="com.qa.demoshop.tests.RegisterTest" name="registerShopper" time="1.874"/>
  <testcase classname="com.qa.demoshop.tests.RegisterTest" name="registerMultipleShopper" time="0.0">
    <ignored/>
  </testcase> <!-- registerMultipleShopper -->
  <testcase classname="com.qa.demoshop.tests.RegisterTest" name="mouseHoveringOnComputer" time="0.0">
    <ignored/>
  </testcase> <!-- mouseHoveringOnComputer -->
  <testcase classname="com.qa.demoshop.tests.RegisterTest" name="generateFakeData" time="0.0">
    <ignored/>
  </testcase> <!-- generateFakeData -->
</testsuite> <!-- EdgeBrower -->
