<?xml version="1.0" encoding="UTF-8"?>
<!-- Generated by org.testng.reporters.JUnitXMLReporter -->
<testsuite ignored="3" hostname="DESKTOP-7NDNMKO" failures="0" tests="2" name="Firefoxbrowser" time="16.598" errors="0" timestamp="2026-06-03T13:56:20 IST">
  <testcase classname="com.qa.demoshop.tests.RegisterTest" name="verifyRegisterPage" time="0.567"/>
  <testcase classname="com.qa.demoshop.tests.RegisterTest" name="registerShopper" time="1.799"/>
  <testcase classname="com.qa.demoshop.tests.RegisterTest" name="generateFakeData" time="0.0">
    <ignored/>
  </testcase> <!-- generateFakeData -->
  <testcase classname="com.qa.demoshop.tests.RegisterTest" name="registerMultipleShopper" time="0.0">
    <ignored/>
  </testcase> <!-- registerMultipleShopper -->
  <testcase classname="com.qa.demoshop.tests.RegisterTest" name="mouseHoveringOnComputer" time="0.0">
    <ignored/>
  </testcase> <!-- mouseHoveringOnComputer -->
</testsuite> <!-- Firefoxbrowser -->
