<?xml version="1.0" encoding="UTF-8"?>
<!-- Generated by org.testng.reporters.JUnitXMLReporter -->
<testsuite ignored="3" hostname="DESKTOP-7NDNMKO" failures="0" tests="3" name="Test" time="23.801" errors="0" timestamp="2026-06-26T14:25:04 IST">
  <testcase classname="com.qa.demoshop.tests.CheckoutTest" name="checkoutProduct" time="9.543"/>
  <testcase classname="com.qa.demoshop.tests.RegisterTest" name="verifyRegisterPage" time="0.509"/>
  <testcase classname="com.qa.demoshop.tests.RegisterTest" name="registerShopper" time="2.202"/>
  <testcase classname="com.qa.demoshop.tests.RegisterTest" name="generateFakeData" time="0.0">
    <ignored/>
  </testcase> <!-- generateFakeData -->
  <testcase classname="com.qa.demoshop.tests.RegisterTest" name="registerMultipleShopper" time="0.0">
    <ignored/>
  </testcase> <!-- registerMultipleShopper -->
  <testcase classname="com.qa.demoshop.tests.RegisterTest" name="mouseHoveringOnComputer" time="0.0">
    <ignored/>
  </testcase> <!-- mouseHoveringOnComputer -->
</testsuite> <!-- Test -->
