<?xml version="1.0" encoding="UTF-8"?>
<testsuite xmlns:xsi="http://www.w3.org/2001/XMLSchema-instance" xsi:noNamespaceSchemaLocation="https://maven.apache.org/surefire/maven-surefire-plugin/xsd/surefire-test-report.xsd" version="3.0.2" name="TestSuite" time="24.736" tests="3" errors="0" skipped="0" failures="0" flakes="0">
  <properties>
[...]
</properties>
  <testcase name="checkoutProduct" classname="com.qa.demoshop.tests.CheckoutTest" time="9.547">
    <system-out><![CDATA[===[ EXECUTION STARTED ]===
=== THIS IS EXECUTING IN HEADLESS MODE===
===[ IT IS EXECUTING IN CHROME BROWSER ]===
===[ checkoutProductEXECUTION STARTED ]===
  INFO - user is registered successfully
   INFO - product added to the cart successfully
   INFO - click on checkout button successfully
   INFO - Shipping added successfully
   INFO - selected shipped method 
   INFO - select payment method 
   INFO - confirmed payment information
   INFO - order confirmed
 ===[ checkoutProduct PASSED ]===
]]></system-out>
    <system-err><![CDATA[SLF4J(W): No SLF4J providers were found.
SLF4J(W): Defaulting to no-operation (NOP) logger implementation
SLF4J(W): See https://www.slf4j.org/codes.html#noProviders for further details.
2026-06-26T08:54:41.030941400Z main ERROR File contains an invalid element or attribute "JsonTemplateLayout"
Jun 26, 2026 2:24:42 PM org.openqa.selenium.devtools.CdpVersionFinder findNearestMatch
WARNING: Unable to find an exact match for CDP version 149, returning the closest version; found: 148; Please update to a Selenium version that supports CDP version 149
]]></system-err>
  </testcase>
  <testcase name="verifyRegisterPage" classname="com.qa.demoshop.tests.RegisterTest" time="0.51">
    <system-out><![CDATA[=== THIS IS EXECUTING IN HEADLESS MODE===
===[ IT IS EXECUTING IN CHROME BROWSER ]===
===[ verifyRegisterPageEXECUTION STARTED ]===
====[ VERIFIED REGISTER PAGE====
===[ verifyRegisterPage PASSED ]===
]]></system-out>
    <system-err><![CDATA[Jun 26, 2026 2:24:55 PM org.openqa.selenium.devtools.CdpVersionFinder findNearestMatch
WARNING: Unable to find an exact match for CDP version 149, returning the closest version; found: 148; Please update to a Selenium version that supports CDP version 149
]]></system-err>
  </testcase>
  <testcase name="registerShopper" classname="com.qa.demoshop.tests.RegisterTest" time="2.204">
    <system-out><![CDATA[=== THIS IS EXECUTING IN HEADLESS MODE===
===[ IT IS EXECUTING IN CHROME BROWSER ]===
===[ registerShopperEXECUTION STARTED ]===
=======[Your registration completed]======
===[ registerShopper PASSED ]===
]]></system-out>
    <system-err><![CDATA[Jun 26, 2026 2:25:00 PM org.openqa.selenium.devtools.CdpVersionFinder findNearestMatch
WARNING: Unable to find an exact match for CDP version 149, returning the closest version; found: 148; Please update to a Selenium version that supports CDP version 149
]]></system-err>
  </testcase>
</testsuite>