<?xml version="1.0" encoding="UTF-8"?>
<testng-results ignored="3" total="6" passed="3" failed="0" skipped="0">
  <reporter-output>
    <line>
      <![CDATA[===[ EXECUTION STARTED ]===]]>
    </line>
    <line>
      <![CDATA[=== THIS IS EXECUTING IN HEADLESS MODE===]]>
    </line>
    <line>
      <![CDATA[===[ IT IS EXECUTING IN CHROME BROWSER ]===]]>
    </line>
    <line>
      <![CDATA[===[ checkoutProductEXECUTION STARTED ]===]]>
    </line>
    <line>
      <![CDATA[===[ checkoutProduct PASSED ]===]]>
    </line>
    <line>
      <![CDATA[=== THIS IS EXECUTING IN HEADLESS MODE===]]>
    </line>
    <line>
      <![CDATA[===[ IT IS EXECUTING IN CHROME BROWSER ]===]]>
    </line>
    <line>
      <![CDATA[===[ verifyRegisterPageEXECUTION STARTED ]===]]>
    </line>
    <line>
      <![CDATA[===[ verifyRegisterPage PASSED ]===]]>
    </line>
    <line>
      <![CDATA[=== THIS IS EXECUTING IN HEADLESS MODE===]]>
    </line>
    <line>
      <![CDATA[===[ IT IS EXECUTING IN CHROME BROWSER ]===]]>
    </line>
    <line>
      <![CDATA[===[ registerShopperEXECUTION STARTED ]===]]>
    </line>
    <line>
      <![CDATA[===[ registerShopper PASSED ]===]]>
    </line>
  </reporter-output>
  <suite started-at="2026-06-26T14:24:41 IST" name="Suite" finished-at="2026-06-26T14:25:04 IST" duration-ms="23801">
    <groups>
    </groups>
    <test started-at="2026-06-26T14:24:41 IST" name="Test" finished-at="2026-06-26T14:25:04 IST" duration-ms="23801">
      <class name="com.qa.demoshop.tests.RegisterTest">
        <test-method is-config="true" signature="setUp(java.lang.String)[pri:0, instance:com.qa.demoshop.tests.RegisterTest@1e63ec0b]" started-at="2026-06-26T14:24:54 IST" name="setUp" finished-at="2026-06-26T14:24:58 IST" duration-ms="3887" status="PASS">
          <params>
            <param index="0">
              <value>
                <![CDATA[chrome]]>
              </value>
            </param>
          </params>
          <reporter-output>
            <line>
              <![CDATA[=== THIS IS EXECUTING IN HEADLESS MODE===]]>
            </line>
            <line>
              <![CDATA[===[ IT IS EXECUTING IN CHROME BROWSER ]===]]>
            </line>
          </reporter-output>
        </test-method> <!-- setUp -->
        <test-method signature="verifyRegisterPage()[pri:0, instance:com.qa.demoshop.tests.RegisterTest@1e63ec0b]" started-at="2026-06-26T14:24:58 IST" name="verifyRegisterPage" finished-at="2026-06-26T14:24:59 IST" duration-ms="509" status="PASS">
          <reporter-output>
            <line>
              <![CDATA[===[ verifyRegisterPageEXECUTION STARTED ]===]]>
            </line>
            <line>
              <![CDATA[===[ verifyRegisterPage PASSED ]===]]>
            </line>
          </reporter-output>
        </test-method> <!-- verifyRegisterPage -->
        <test-method is-config="true" signature="tearDown()[pri:0, instance:com.qa.demoshop.tests.RegisterTest@1e63ec0b]" started-at="2026-06-26T14:24:59 IST" name="tearDown" finished-at="2026-06-26T14:24:59 IST" duration-ms="158" status="PASS">
          <reporter-output>
          </reporter-output>
        </test-method> <!-- tearDown -->
        <test-method is-config="true" signature="setUp(java.lang.String)[pri:0, instance:com.qa.demoshop.tests.RegisterTest@1e63ec0b]" started-at="2026-06-26T14:24:59 IST" name="setUp" finished-at="2026-06-26T14:25:02 IST" duration-ms="3243" status="PASS">
          <params>
            <param index="0">
              <value>
                <![CDATA[chrome]]>
              </value>
            </param>
          </params>
          <reporter-output>
            <line>
              <![CDATA[=== THIS IS EXECUTING IN HEADLESS MODE===]]>
            </line>
            <line>
              <![CDATA[===[ IT IS EXECUTING IN CHROME BROWSER ]===]]>
            </line>
          </reporter-output>
        </test-method> <!-- setUp -->
        <test-method signature="registerShopper()[pri:1, instance:com.qa.demoshop.tests.RegisterTest@1e63ec0b]" started-at="2026-06-26T14:25:02 IST" name="registerShopper" finished-at="2026-06-26T14:25:04 IST" duration-ms="2202" status="PASS">
          <reporter-output>
            <line>
              <![CDATA[===[ registerShopperEXECUTION STARTED ]===]]>
            </line>
            <line>
              <![CDATA[===[ registerShopper PASSED ]===]]>
            </line>
          </reporter-output>
        </test-method> <!-- registerShopper -->
        <test-method is-config="true" signature="tearDown()[pri:0, instance:com.qa.demoshop.tests.RegisterTest@1e63ec0b]" started-at="2026-06-26T14:25:04 IST" name="tearDown" finished-at="2026-06-26T14:25:04 IST" duration-ms="141" status="PASS">
          <reporter-output>
          </reporter-output>
        </test-method> <!-- tearDown -->
      </class> <!-- com.qa.demoshop.tests.RegisterTest -->
      <class name="com.qa.demoshop.tests.CheckoutTest">
        <test-method is-config="true" signature="setUp(java.lang.String)[pri:0, instance:com.qa.demoshop.tests.CheckoutTest@4678a2eb]" started-at="2026-06-26T14:24:41 IST" name="setUp" finished-at="2026-06-26T14:24:44 IST" duration-ms="3746" status="PASS">
          <params>
            <param index="0">
              <value>
                <![CDATA[chrome]]>
              </value>
            </param>
          </params>
          <reporter-output>
            <line>
              <![CDATA[=== THIS IS EXECUTING IN HEADLESS MODE===]]>
            </line>
            <line>
              <![CDATA[===[ IT IS EXECUTING IN CHROME BROWSER ]===]]>
            </line>
          </reporter-output>
        </test-method> <!-- setUp -->
        <test-method signature="checkoutProduct()[pri:0, instance:com.qa.demoshop.tests.CheckoutTest@4678a2eb]" started-at="2026-06-26T14:24:45 IST" name="checkoutProduct" finished-at="2026-06-26T14:24:54 IST" duration-ms="9543" status="PASS">
          <reporter-output>
            <line>
              <![CDATA[===[ checkoutProductEXECUTION STARTED ]===]]>
            </line>
            <line>
              <![CDATA[===[ checkoutProduct PASSED ]===]]>
            </line>
          </reporter-output>
        </test-method> <!-- checkoutProduct -->
        <test-method is-config="true" signature="tearDown()[pri:0, instance:com.qa.demoshop.tests.CheckoutTest@4678a2eb]" started-at="2026-06-26T14:24:54 IST" name="tearDown" finished-at="2026-06-26T14:24:54 IST" duration-ms="207" status="PASS">
          <reporter-output>
          </reporter-output>
        </test-method> <!-- tearDown -->
      </class> <!-- com.qa.demoshop.tests.CheckoutTest -->
    </test> <!-- Test -->
  </suite> <!-- Suite -->
</testng-results>
