<?xml version="1.0" encoding="UTF-8"?>
<!-- Generated by org.testng.reporters.JUnitReportReporter -->
<testsuite hostname="DESKTOP-7NDNMKO" failures="0" tests="15" name="com.qa.demoshop.tests.RegisterTest" time="37.115" errors="0" timestamp="2026-06-03T13:56:31 IST" skipped="9">
  <testcase classname="com.qa.demoshop.tests.RegisterTest" name="verifyRegisterPage" time="5.080">
    <system-out>
      <![CDATA[===[ verifyRegisterPage ]EXECUTION STARTED===
===[ verifyRegisterPage ]PASSED===]]>
    </system-out>
  </testcase> <!-- verifyRegisterPage -->
  <testcase classname="com.qa.demoshop.tests.RegisterTest" name="verifyRegisterPage" time="4.309">
    <system-out>
      <![CDATA[===[ verifyRegisterPage ]EXECUTION STARTED===
===[ verifyRegisterPage ]PASSED===]]>
    </system-out>
  </testcase> <!-- verifyRegisterPage -->
  <testcase classname="com.qa.demoshop.tests.RegisterTest" name="verifyRegisterPage" time="7.710">
    <system-out>
      <![CDATA[===[ verifyRegisterPage ]EXECUTION STARTED===
===[ verifyRegisterPage ]PASSED===]]>
    </system-out>
  </testcase> <!-- verifyRegisterPage -->
  <testcase classname="com.qa.demoshop.tests.RegisterTest" name="registerShopper" time="8.878">
    <system-out>
      <![CDATA[===[ registerShopper ]EXECUTION STARTED===
===[ registerShopper ]PASSED===]]>
    </system-out>
  </testcase> <!-- registerShopper -->
  <testcase classname="com.qa.demoshop.tests.RegisterTest" name="registerShopper" time="5.673">
    <system-out>
      <![CDATA[===[ registerShopper ]EXECUTION STARTED===
===[ registerShopper ]PASSED===]]>
    </system-out>
  </testcase> <!-- registerShopper -->
  <testcase classname="com.qa.demoshop.tests.RegisterTest" name="registerShopper" time="5.465">
    <system-out>
      <![CDATA[===[ registerShopper ]EXECUTION STARTED===
===[ registerShopper ]PASSED===]]>
    </system-out>
  </testcase> <!-- registerShopper -->
  <testcase classname="com.qa.demoshop.tests.RegisterTest" name="generateFakeData">
    <skipped/>
  </testcase> <!-- generateFakeData -->
  <testcase classname="com.qa.demoshop.tests.RegisterTest" name="registerMultipleShopper">
    <skipped/>
  </testcase> <!-- registerMultipleShopper -->
  <testcase classname="com.qa.demoshop.tests.RegisterTest" name="registerMultipleShopper">
    <skipped/>
  </testcase> <!-- registerMultipleShopper -->
  <testcase classname="com.qa.demoshop.tests.RegisterTest" name="mouseHoveringOnComputer">
    <skipped/>
  </testcase> <!-- mouseHoveringOnComputer -->
  <testcase classname="com.qa.demoshop.tests.RegisterTest" name="mouseHoveringOnComputer">
    <skipped/>
  </testcase> <!-- mouseHoveringOnComputer -->
  <testcase classname="com.qa.demoshop.tests.RegisterTest" name="generateFakeData">
    <skipped/>
  </testcase> <!-- generateFakeData -->
  <testcase classname="com.qa.demoshop.tests.RegisterTest" name="registerMultipleShopper">
    <skipped/>
  </testcase> <!-- registerMultipleShopper -->
  <testcase classname="com.qa.demoshop.tests.RegisterTest" name="generateFakeData">
    <skipped/>
  </testcase> <!-- generateFakeData -->
  <testcase classname="com.qa.demoshop.tests.RegisterTest" name="mouseHoveringOnComputer">
    <skipped/>
  </testcase> <!-- mouseHoveringOnComputer -->
  <system-out>
    <![CDATA[===[ EXECUTION STARTED ]===
===[ IT IS EXECUTING IN CHROME BROWSER ]===
===[ verifyRegisterPage ]EXECUTION STARTED===
===[ verifyRegisterPage ]PASSED===
===[ IT IS EXECUTING IN CHROME BROWSER ]===
===[ registerShopper ]EXECUTION STARTED===
===[ registerShopper ]PASSED===
===[ EXECUTION FINISHED ]===
===[ EXECUTION STARTED ]===
===[ IT IS EXECUTING IN FIREFOX BROWSER ]===
===[ verifyRegisterPage ]EXECUTION STARTED===
===[ verifyRegisterPage ]PASSED===
===[ IT IS EXECUTING IN FIREFOX BROWSER ]===
===[ registerShopper ]EXECUTION STARTED===
===[ registerShopper ]PASSED===
===[ EXECUTION FINISHED ]===
===[ EXECUTION STARTED ]===
===[ IT IS EXECUTING IN EDGE BROWSER ]===
===[ verifyRegisterPage ]EXECUTION STARTED===
===[ verifyRegisterPage ]PASSED===
===[ IT IS EXECUTING IN EDGE BROWSER ]===
===[ registerShopper ]EXECUTION STARTED===
===[ registerShopper ]PASSED===]]>
  </system-out>
</testsuite> <!-- com.qa.demoshop.tests.RegisterTest -->
