<?xml version="1.0" encoding="UTF-8"?>
<!-- Generated by org.testng.reporters.JUnitReportReporter -->
<testsuite hostname="DESKTOP-7NDNMKO" failures="0" tests="5" name="com.qa.demoshop.tests.RegisterTest" time="10.140" errors="0" timestamp="2026-06-26T14:25:05 IST" skipped="3">
  <testcase classname="com.qa.demoshop.tests.RegisterTest" name="verifyRegisterPage" time="4.554">
    <system-out>
      <![CDATA[===[ verifyRegisterPageEXECUTION STARTED ]===
===[ verifyRegisterPage PASSED ]===]]>
    </system-out>
  </testcase> <!-- verifyRegisterPage -->
  <testcase classname="com.qa.demoshop.tests.RegisterTest" name="registerShopper" time="5.586">
    <system-out>
      <![CDATA[===[ registerShopperEXECUTION STARTED ]===
===[ registerShopper PASSED ]===]]>
    </system-out>
  </testcase> <!-- registerShopper -->
  <testcase classname="com.qa.demoshop.tests.RegisterTest" name="generateFakeData">
    <skipped/>
  </testcase> <!-- generateFakeData -->
  <testcase classname="com.qa.demoshop.tests.RegisterTest" name="registerMultipleShopper">
    <skipped/>
  </testcase> <!-- registerMultipleShopper -->
  <testcase classname="com.qa.demoshop.tests.RegisterTest" name="mouseHoveringOnComputer">
    <skipped/>
  </testcase> <!-- mouseHoveringOnComputer -->
  <system-out>
    <![CDATA[===[ EXECUTION STARTED ]===
=== THIS IS EXECUTING IN HEADLESS MODE===
===[ IT IS EXECUTING IN CHROME BROWSER ]===
===[ checkoutProductEXECUTION STARTED ]===
===[ checkoutProduct PASSED ]===
=== THIS IS EXECUTING IN HEADLESS MODE===
===[ IT IS EXECUTING IN CHROME BROWSER ]===
===[ verifyRegisterPageEXECUTION STARTED ]===
===[ verifyRegisterPage PASSED ]===
=== THIS IS EXECUTING IN HEADLESS MODE===
===[ IT IS EXECUTING IN CHROME BROWSER ]===
===[ registerShopperEXECUTION STARTED ]===
===[ registerShopper PASSED ]===]]>
  </system-out>
</testsuite> <!-- com.qa.demoshop.tests.RegisterTest -->
