<?xml version="1.0" encoding="UTF-8"?>
<!-- Generated by org.testng.reporters.JUnitReportReporter -->
<testsuite hostname="DESKTOP-7NDNMKO" failures="0" tests="1" name="com.qa.demoshop.tests.CheckoutTest" time="13.496" errors="0" timestamp="2026-06-26T14:25:05 IST" skipped="0">
  <testcase classname="com.qa.demoshop.tests.CheckoutTest" name="checkoutProduct" time="13.496">
    <system-out>
      <![CDATA[===[ checkoutProductEXECUTION STARTED ]===
===[ checkoutProduct PASSED ]===]]>
    </system-out>
  </testcase> <!-- checkoutProduct -->
  <system-out>
    <![CDATA[===[ EXECUTION STARTED ]===
=== THIS IS EXECUTING IN HEADLESS MODE===
===[ IT IS EXECUTING IN CHROME BROWSER ]===
===[ checkoutProductEXECUTION STARTED ]===
===[ checkoutProduct PASSED ]===
=== THIS IS EXECUTING IN HEADLESS MODE===
===[ IT IS EXECUTING IN CHROME BROWSER ]===
===[ verifyRegisterPageEXECUTION STARTED ]===
===[ verifyRegisterPage PASSED ]===
=== THIS IS EXECUTING IN HEADLESS MODE===
===[ IT IS EXECUTING IN CHROME BROWSER ]===
===[ registerShopperEXECUTION STARTED ]===
===[ registerShopper PASSED ]===]]>
  </system-out>
</testsuite> <!-- com.qa.demoshop.tests.CheckoutTest -->
